<?xml version="1.0" encoding="UTF-8"?>
<coverage generated="1652713508982" clover="3.2.0">
  <project timestamp="1652713508983" name="All files">
    <metrics statements="71" coveredstatements="69" conditionals="28" coveredconditionals="23" methods="13" coveredmethods="12" elements="112" coveredelements="104" complexity="0" loc="71" ncloc="71" packages="6" files="9" classes="9"/>
    <package name="app">
      <metrics statements="10" coveredstatements="10" conditionals="0" coveredconditionals="0" methods="0" coveredmethods="0"/>
      <file name="bootstrap.js" path="/home/bchavez/Dev/node-meli-challenge/src/app/bootstrap.js">
        <metrics statements="6" coveredstatements="6" conditionals="0" coveredconditionals="0" methods="0" coveredmethods="0"/>
        <line num="1" count="1" type="stmt"/>
        <line num="2" count="1" type="stmt"/>
        <line num="3" count="1" type="stmt"/>
        <line num="6" count="1" type="stmt"/>
        <line num="7" count="1" type="stmt"/>
        <line num="10" count="1" type="stmt"/>
      </file>
      <file name="index.router.js" path="/home/bchavez/Dev/node-meli-challenge/src/app/index.router.js">
        <metrics statements="4" coveredstatements="4" conditionals="0" coveredconditionals="0" methods="0" coveredmethods="0"/>
        <line num="1" count="1" type="stmt"/>
        <line num="3" count="1" type="stmt"/>
        <line num="4" count="1" type="stmt"/>
        <line num="6" count="1" type="stmt"/>
      </file>
    </package>
    <package name="app.mutant">
      <metrics statements="5" coveredstatements="5" conditionals="0" coveredconditionals="0" methods="0" coveredmethods="0"/>
      <file name="mutant.router.js" path="/home/bchavez/Dev/node-meli-challenge/src/app/mutant/mutant.router.js">
        <metrics statements="5" coveredstatements="5" conditionals="0" coveredconditionals="0" methods="0" coveredmethods="0"/>
        <line num="1" count="1" type="stmt"/>
        <line num="2" count="1" type="stmt"/>
        <line num="4" count="1" type="stmt"/>
        <line num="6" count="1" type="stmt"/>
        <line num="8" count="1" type="stmt"/>
      </file>
    </package>
    <package name="app.mutant.controllers">
      <metrics statements="12" coveredstatements="11" conditionals="0" coveredconditionals="0" methods="2" coveredmethods="2"/>
      <file name="MutantController.js" path="/home/bchavez/Dev/node-meli-challenge/src/app/mutant/controllers/MutantController.js">
        <metrics statements="12" coveredstatements="11" conditionals="0" coveredconditionals="0" methods="2" coveredmethods="2"/>
        <line num="1" count="1" type="stmt"/>
        <line num="2" count="1" type="stmt"/>
        <line num="3" count="1" type="stmt"/>
        <line num="6" count="1" type="stmt"/>
        <line num="7" count="1" type="stmt"/>
        <line num="11" count="2" type="stmt"/>
        <line num="12" count="2" type="stmt"/>
        <line num="14" count="2" type="stmt"/>
        <line num="16" count="2" type="stmt"/>
        <line num="18" count="2" type="stmt"/>
        <line num="23" count="0" type="stmt"/>
        <line num="29" count="1" type="stmt"/>
      </file>
    </package>
    <package name="app.mutant.models">
      <metrics statements="4" coveredstatements="4" conditionals="0" coveredconditionals="0" methods="0" coveredmethods="0"/>
      <file name="MutantModel.js" path="/home/bchavez/Dev/node-meli-challenge/src/app/mutant/models/MutantModel.js">
        <metrics statements="4" coveredstatements="4" conditionals="0" coveredconditionals="0" methods="0" coveredmethods="0"/>
        <line num="2" count="3" type="stmt"/>
        <line num="3" count="3" type="stmt"/>
        <line num="5" count="3" type="stmt"/>
        <line num="19" count="3" type="stmt"/>
      </file>
    </package>
    <package name="app.mutant.services">
      <metrics statements="33" coveredstatements="32" conditionals="28" coveredconditionals="23" methods="10" coveredmethods="9"/>
      <file name="GetMutantStatsService.js" path="/home/bchavez/Dev/node-meli-challenge/src/app/mutant/services/GetMutantStatsService.js">
        <metrics statements="7" coveredstatements="7" conditionals="0" coveredconditionals="0" methods="1" coveredmethods="1"/>
        <line num="1" count="2" type="stmt"/>
        <line num="2" count="2" type="stmt"/>
        <line num="3" count="2" type="stmt"/>
        <line num="11" count="3" type="stmt"/>
        <line num="18" count="3" type="stmt"/>
        <line num="20" count="3" type="stmt"/>
        <line num="27" count="2" type="stmt"/>
      </file>
      <file name="IsMutantService.js" path="/home/bchavez/Dev/node-meli-challenge/src/app/mutant/services/IsMutantService.js">
        <metrics statements="20" coveredstatements="20" conditionals="28" coveredconditionals="23" methods="7" coveredmethods="7"/>
        <line num="3" count="6" type="stmt"/>
        <line num="5" count="6" type="cond" truecount="2" falsecount="0"/>
        <line num="7" count="2" type="stmt"/>
        <line num="8" count="40" type="cond" truecount="2" falsecount="0"/>
        <line num="13" count="4" type="stmt"/>
        <line num="15" count="4" type="stmt"/>
        <line num="16" count="1867" type="cond" truecount="2" falsecount="0"/>
        <line num="18" count="1865" type="cond" truecount="2" falsecount="0"/>
        <line num="19" count="3448466" type="stmt"/>
        <line num="22" count="2" type="stmt"/>
        <line num="23" count="1862" type="cond" truecount="1" falsecount="1"/>
        <line num="29" count="3" type="stmt"/>
        <line num="30" count="46448" type="cond" truecount="3" falsecount="1"/>
        <line num="31" count="46448" type="cond" truecount="3" falsecount="1"/>
        <line num="33" count="33" type="cond" truecount="2" falsecount="0"/>
        <line num="34" count="46448" type="cond" truecount="3" falsecount="1"/>
        <line num="35" count="46448" type="cond" truecount="3" falsecount="1"/>
        <line num="36" count="2" type="stmt"/>
        <line num="39" count="1" type="stmt"/>
        <line num="43" count="2" type="stmt"/>
      </file>
      <file name="SaveIsMutantResultService.js" path="/home/bchavez/Dev/node-meli-challenge/src/app/mutant/services/SaveIsMutantResultService.js">
        <metrics statements="6" coveredstatements="5" conditionals="0" coveredconditionals="0" methods="2" coveredmethods="1"/>
        <line num="1" count="3" type="stmt"/>
        <line num="2" count="3" type="stmt"/>
        <line num="10" count="36" type="stmt"/>
        <line num="11" count="36" type="stmt"/>
        <line num="13" count="0" type="stmt"/>
        <line num="17" count="3" type="stmt"/>
      </file>
    </package>
    <package name="app.shared.faker">
      <metrics statements="7" coveredstatements="7" conditionals="0" coveredconditionals="0" methods="1" coveredmethods="1"/>
      <file name="GenerateFakeMutants.js" path="/home/bchavez/Dev/node-meli-challenge/src/app/shared/faker/GenerateFakeMutants.js">
        <metrics statements="7" coveredstatements="7" conditionals="0" coveredconditionals="0" methods="1" coveredmethods="1"/>
        <line num="1" count="1" type="stmt"/>
        <line num="9" count="1" type="stmt"/>
        <line num="17" count="1" type="stmt"/>
        <line num="18" count="2" type="stmt"/>
        <line num="21" count="1" type="stmt"/>
        <line num="22" count="1" type="stmt"/>
        <line num="27" count="1" type="stmt"/>
      </file>
    </package>
  </project>
</coverage>
