{"/home/bchavez/Dev/node-meli-challenge/src/app/bootstrap.js": {"path":"/home/bchavez/Dev/node-meli-challenge/src/app/bootstrap.js","statementMap":{"0":{"start":{"line":1,"column":17},"end":{"line":1,"column":35}},"1":{"start":{"line":2,"column":11},"end":{"line":2,"column":70}},"2":{"start":{"line":3,"column":12},"end":{"line":3,"column":32}},"3":{"start":{"line":6,"column":0},"end":{"line":6,"column":16}},"4":{"start":{"line":7,"column":0},"end":{"line":7,"column":40}},"5":{"start":{"line":10,"column":0},"end":{"line":10,"column":21}}},"fnMap":{},"branchMap":{},"s":{"0":1,"1":1,"2":1,"3":1,"4":1,"5":1},"f":{},"b":{},"_coverageSchema":"1a1c01bbd47fc00a2c39e90264f33305004495a9","hash":"16a25dbbb07f3e55407ab95eb972543519cf5f3f"}
,"/home/bchavez/Dev/node-meli-challenge/src/app/index.router.js": {"path":"/home/bchavez/Dev/node-meli-challenge/src/app/index.router.js","statementMap":{"0":{"start":{"line":1,"column":19},"end":{"line":1,"column":37}},"1":{"start":{"line":3,"column":15},"end":{"line":3,"column":23}},"2":{"start":{"line":4,"column":0},"end":{"line":4,"column":57}},"3":{"start":{"line":6,"column":0},"end":{"line":6,"column":24}}},"fnMap":{},"branchMap":{},"s":{"0":1,"1":1,"2":1,"3":1},"f":{},"b":{},"_coverageSchema":"1a1c01bbd47fc00a2c39e90264f33305004495a9","hash":"3fe8c8d01cc30a9cb6831b957da4293729441cbc"}
,"/home/bchavez/Dev/node-meli-challenge/src/app/mutant/mutant.router.js": {"path":"/home/bchavez/Dev/node-meli-challenge/src/app/mutant/mutant.router.js","statementMap":{"0":{"start":{"line":1,"column":15},"end":{"line":1,"column":42}},"1":{"start":{"line":2,"column":25},"end":{"line":2,"column":66}},"2":{"start":{"line":4,"column":0},"end":{"line":4,"column":54}},"3":{"start":{"line":6,"column":0},"end":{"line":6,"column":44}},"4":{"start":{"line":8,"column":0},"end":{"line":8,"column":24}}},"fnMap":{},"branchMap":{},"s":{"0":1,"1":1,"2":1,"3":1,"4":1},"f":{},"b":{},"_coverageSchema":"1a1c01bbd47fc00a2c39e90264f33305004495a9","hash":"2249a9e8ca33559dc9a8236a4297a48fd89761e5"}
,"/home/bchavez/Dev/node-meli-challenge/src/app/mutant/controllers/MutantController.js": {"path":"/home/bchavez/Dev/node-meli-challenge/src/app/mutant/controllers/MutantController.js","statementMap":{"0":{"start":{"line":1,"column":25},"end":{"line":1,"column":63}},"1":{"start":{"line":2,"column":34},"end":{"line":2,"column":82}},"2":{"start":{"line":3,"column":30},"end":{"line":3,"column":74}},"3":{"start":{"line":6,"column":20},"end":{"line":6,"column":64}},"4":{"start":{"line":7,"column":4},"end":{"line":7,"column":29}},"5":{"start":{"line":11,"column":4},"end":{"line":26,"column":5}},"6":{"start":{"line":12,"column":24},"end":{"line":12,"column":32}},"7":{"start":{"line":14,"column":23},"end":{"line":14,"column":53}},"8":{"start":{"line":16,"column":8},"end":{"line":16,"column":63}},"9":{"start":{"line":18,"column":8},"end":{"line":20,"column":11}},"10":{"start":{"line":23,"column":8},"end":{"line":25,"column":11}},"11":{"start":{"line":29,"column":0},"end":{"line":29,"column":46}}},"fnMap":{"0":{"name":"getMutantStats","decl":{"start":{"line":5,"column":15},"end":{"line":5,"column":29}},"loc":{"start":{"line":5,"column":40},"end":{"line":8,"column":1}},"line":5},"1":{"name":"isMutant","decl":{"start":{"line":10,"column":9},"end":{"line":10,"column":17}},"loc":{"start":{"line":10,"column":28},"end":{"line":27,"column":1}},"line":10}},"branchMap":{},"s":{"0":1,"1":1,"2":1,"3":1,"4":1,"5":2,"6":2,"7":2,"8":2,"9":2,"10":0,"11":1},"f":{"0":1,"1":2},"b":{},"_coverageSchema":"1a1c01bbd47fc00a2c39e90264f33305004495a9","hash":"a774d97a202a0d0837b29f13110d37e6849043b4"}
,"/home/bchavez/Dev/node-meli-challenge/src/app/mutant/models/MutantModel.js": {"path":"/home/bchavez/Dev/node-meli-challenge/src/app/mutant/models/MutantModel.js","statementMap":{"0":{"start":{"line":2,"column":18},"end":{"line":2,"column":38}},"1":{"start":{"line":3,"column":11},"end":{"line":3,"column":76}},"2":{"start":{"line":5,"column":20},"end":{"line":17,"column":2}},"3":{"start":{"line":19,"column":0},"end":{"line":19,"column":29}}},"fnMap":{},"branchMap":{},"s":{"0":3,"1":3,"2":3,"3":3},"f":{},"b":{},"_coverageSchema":"1a1c01bbd47fc00a2c39e90264f33305004495a9","hash":"a4074d287030b80cac35ca58416d2d430af17dab"}
,"/home/bchavez/Dev/node-meli-challenge/src/app/mutant/services/GetMutantStatsService.js": {"path":"/home/bchavez/Dev/node-meli-challenge/src/app/mutant/services/GetMutantStatsService.js","statementMap":{"0":{"start":{"line":1,"column":18},"end":{"line":1,"column":38}},"1":{"start":{"line":2,"column":11},"end":{"line":2,"column":76}},"2":{"start":{"line":3,"column":20},"end":{"line":3,"column":52}},"3":{"start":{"line":11,"column":18},"end":{"line":16,"column":5}},"4":{"start":{"line":18,"column":18},"end":{"line":18,"column":78}},"5":{"start":{"line":20,"column":4},"end":{"line":24,"column":5}},"6":{"start":{"line":27,"column":0},"end":{"line":29,"column":1}}},"fnMap":{"0":{"name":"getMutantStats","decl":{"start":{"line":9,"column":15},"end":{"line":9,"column":29}},"loc":{"start":{"line":9,"column":32},"end":{"line":25,"column":1}},"line":9}},"branchMap":{},"s":{"0":2,"1":2,"2":2,"3":3,"4":3,"5":3,"6":2},"f":{"0":3},"b":{},"_coverageSchema":"1a1c01bbd47fc00a2c39e90264f33305004495a9","hash":"4a584083fe41c2fd2fb19175fdba45e7b9076a01"}
,"/home/bchavez/Dev/node-meli-challenge/src/app/mutant/services/IsMutantService.js": {"path":"/home/bchavez/Dev/node-meli-challenge/src/app/mutant/services/IsMutantService.js","statementMap":{"0":{"start":{"line":3,"column":16},"end":{"line":3,"column":60}},"1":{"start":{"line":5,"column":4},"end":{"line":26,"column":5}},"2":{"start":{"line":7,"column":8},"end":{"line":9,"column":9}},"3":{"start":{"line":7,"column":21},"end":{"line":7,"column":22}},"4":{"start":{"line":8,"column":12},"end":{"line":8,"column":92}},"5":{"start":{"line":8,"column":43},"end":{"line":8,"column":52}},"6":{"start":{"line":8,"column":80},"end":{"line":8,"column":92}},"7":{"start":{"line":13,"column":22},"end":{"line":13,"column":24}},"8":{"start":{"line":15,"column":8},"end":{"line":20,"column":9}},"9":{"start":{"line":15,"column":21},"end":{"line":15,"column":22}},"10":{"start":{"line":16,"column":12},"end":{"line":16,"column":46}},"11":{"start":{"line":16,"column":34},"end":{"line":16,"column":46}},"12":{"start":{"line":18,"column":12},"end":{"line":19,"column":64}},"13":{"start":{"line":18,"column":37},"end":{"line":18,"column":64}},"14":{"start":{"line":19,"column":17},"end":{"line":19,"column":64}},"15":{"start":{"line":19,"column":49},"end":{"line":19,"column":62}},"16":{"start":{"line":22,"column":8},"end":{"line":24,"column":9}},"17":{"start":{"line":22,"column":21},"end":{"line":22,"column":22}},"18":{"start":{"line":23,"column":12},"end":{"line":23,"column":50}},"19":{"start":{"line":23,"column":38},"end":{"line":23,"column":50}},"20":{"start":{"line":29,"column":4},"end":{"line":37,"column":5}},"21":{"start":{"line":29,"column":18},"end":{"line":29,"column":19}},"22":{"start":{"line":30,"column":8},"end":{"line":30,"column":95}},"23":{"start":{"line":30,"column":39},"end":{"line":30,"column":85}},"24":{"start":{"line":31,"column":8},"end":{"line":31,"column":95}},"25":{"start":{"line":31,"column":39},"end":{"line":31,"column":85}},"26":{"start":{"line":33,"column":8},"end":{"line":36,"column":23}},"27":{"start":{"line":34,"column":43},"end":{"line":34,"column":89}},"28":{"start":{"line":35,"column":51},"end":{"line":35,"column":97}},"29":{"start":{"line":36,"column":11},"end":{"line":36,"column":23}},"30":{"start":{"line":39,"column":4},"end":{"line":39,"column":17}},"31":{"start":{"line":43,"column":0},"end":{"line":43,"column":30}}},"fnMap":{"0":{"name":"isMutant","decl":{"start":{"line":1,"column":9},"end":{"line":1,"column":17}},"loc":{"start":{"line":1,"column":23},"end":{"line":41,"column":1}},"line":1},"1":{"name":"(anonymous_1)","decl":{"start":{"line":8,"column":33},"end":{"line":8,"column":34}},"loc":{"start":{"line":8,"column":43},"end":{"line":8,"column":52}},"line":8},"2":{"name":"(anonymous_2)","decl":{"start":{"line":19,"column":39},"end":{"line":19,"column":40}},"loc":{"start":{"line":19,"column":49},"end":{"line":19,"column":62}},"line":19},"3":{"name":"(anonymous_3)","decl":{"start":{"line":30,"column":29},"end":{"line":30,"column":30}},"loc":{"start":{"line":30,"column":39},"end":{"line":30,"column":85}},"line":30},"4":{"name":"(anonymous_4)","decl":{"start":{"line":31,"column":29},"end":{"line":31,"column":30}},"loc":{"start":{"line":31,"column":39},"end":{"line":31,"column":85}},"line":31},"5":{"name":"(anonymous_5)","decl":{"start":{"line":34,"column":33},"end":{"line":34,"column":34}},"loc":{"start":{"line":34,"column":43},"end":{"line":34,"column":89}},"line":34},"6":{"name":"(anonymous_6)","decl":{"start":{"line":35,"column":41},"end":{"line":35,"column":42}},"loc":{"start":{"line":35,"column":51},"end":{"line":35,"column":97}},"line":35}},"branchMap":{"0":{"loc":{"start":{"line":5,"column":4},"end":{"line":26,"column":5}},"type":"if","locations":[{"start":{"line":5,"column":4},"end":{"line":26,"column":5}},{"start":{"line":11,"column":11},"end":{"line":26,"column":5}}],"line":5},"1":{"loc":{"start":{"line":8,"column":12},"end":{"line":8,"column":92}},"type":"if","locations":[{"start":{"line":8,"column":12},"end":{"line":8,"column":92}},{"start":{},"end":{}}],"line":8},"2":{"loc":{"start":{"line":16,"column":12},"end":{"line":16,"column":46}},"type":"if","locations":[{"start":{"line":16,"column":12},"end":{"line":16,"column":46}},{"start":{},"end":{}}],"line":16},"3":{"loc":{"start":{"line":18,"column":12},"end":{"line":19,"column":64}},"type":"if","locations":[{"start":{"line":18,"column":12},"end":{"line":19,"column":64}},{"start":{"line":19,"column":17},"end":{"line":19,"column":64}}],"line":18},"4":{"loc":{"start":{"line":23,"column":12},"end":{"line":23,"column":50}},"type":"if","locations":[{"start":{"line":23,"column":12},"end":{"line":23,"column":50}},{"start":{},"end":{}}],"line":23},"5":{"loc":{"start":{"line":30,"column":39},"end":{"line":30,"column":85}},"type":"cond-expr","locations":[{"start":{"line":30,"column":48},"end":{"line":30,"column":79}},{"start":{"line":30,"column":82},"end":{"line":30,"column":85}}],"line":30},"6":{"loc":{"start":{"line":30,"column":48},"end":{"line":30,"column":79}},"type":"cond-expr","locations":[{"start":{"line":30,"column":59},"end":{"line":30,"column":73}},{"start":{"line":30,"column":76},"end":{"line":30,"column":79}}],"line":30},"7":{"loc":{"start":{"line":31,"column":39},"end":{"line":31,"column":85}},"type":"cond-expr","locations":[{"start":{"line":31,"column":48},"end":{"line":31,"column":79}},{"start":{"line":31,"column":82},"end":{"line":31,"column":85}}],"line":31},"8":{"loc":{"start":{"line":31,"column":48},"end":{"line":31,"column":79}},"type":"cond-expr","locations":[{"start":{"line":31,"column":59},"end":{"line":31,"column":73}},{"start":{"line":31,"column":76},"end":{"line":31,"column":79}}],"line":31},"9":{"loc":{"start":{"line":33,"column":8},"end":{"line":36,"column":23}},"type":"if","locations":[{"start":{"line":33,"column":8},"end":{"line":36,"column":23}},{"start":{},"end":{}}],"line":33},"10":{"loc":{"start":{"line":34,"column":43},"end":{"line":34,"column":89}},"type":"cond-expr","locations":[{"start":{"line":34,"column":52},"end":{"line":34,"column":83}},{"start":{"line":34,"column":86},"end":{"line":34,"column":89}}],"line":34},"11":{"loc":{"start":{"line":34,"column":52},"end":{"line":34,"column":83}},"type":"cond-expr","locations":[{"start":{"line":34,"column":63},"end":{"line":34,"column":77}},{"start":{"line":34,"column":80},"end":{"line":34,"column":83}}],"line":34},"12":{"loc":{"start":{"line":35,"column":51},"end":{"line":35,"column":97}},"type":"cond-expr","locations":[{"start":{"line":35,"column":60},"end":{"line":35,"column":91}},{"start":{"line":35,"column":94},"end":{"line":35,"column":97}}],"line":35},"13":{"loc":{"start":{"line":35,"column":60},"end":{"line":35,"column":91}},"type":"cond-expr","locations":[{"start":{"line":35,"column":71},"end":{"line":35,"column":85}},{"start":{"line":35,"column":88},"end":{"line":35,"column":91}}],"line":35}},"s":{"0":6,"1":6,"2":2,"3":2,"4":7,"5":40,"6":1,"7":4,"8":4,"9":4,"10":1867,"11":2,"12":1865,"13":4,"14":1861,"15":3448466,"16":2,"17":2,"18":1862,"19":0,"20":3,"21":3,"22":33,"23":46448,"24":33,"25":46448,"26":33,"27":46448,"28":46448,"29":2,"30":1,"31":2},"f":{"0":6,"1":40,"2":3448466,"3":46448,"4":46448,"5":46448,"6":46448},"b":{"0":[2,4],"1":[1,6],"2":[2,1865],"3":[4,1861],"4":[0,1862],"5":[46436,12],"6":[46436,0],"7":[46436,12],"8":[46436,0],"9":[2,31],"10":[46436,12],"11":[46436,0],"12":[46436,12],"13":[46436,0]},"_coverageSchema":"1a1c01bbd47fc00a2c39e90264f33305004495a9","hash":"bcef8084613cb722f2421e7646c9d0084326202b"}
,"/home/bchavez/Dev/node-meli-challenge/src/app/mutant/services/SaveIsMutantResultService.js": {"path":"/home/bchavez/Dev/node-meli-challenge/src/app/mutant/services/SaveIsMutantResultService.js","statementMap":{"0":{"start":{"line":1,"column":23},"end":{"line":1,"column":38}},"1":{"start":{"line":2,"column":20},"end":{"line":2,"column":52}},"2":{"start":{"line":10,"column":23},"end":{"line":10,"column":54}},"3":{"start":{"line":11,"column":4},"end":{"line":14,"column":7}},"4":{"start":{"line":13,"column":8},"end":{"line":13,"column":85}},"5":{"start":{"line":17,"column":0},"end":{"line":19,"column":1}}},"fnMap":{"0":{"name":"save","decl":{"start":{"line":9,"column":15},"end":{"line":9,"column":19}},"loc":{"start":{"line":9,"column":35},"end":{"line":15,"column":1}},"line":9},"1":{"name":"(anonymous_1)","decl":{"start":{"line":12,"column":11},"end":{"line":12,"column":12}},"loc":{"start":{"line":12,"column":18},"end":{"line":14,"column":5}},"line":12}},"branchMap":{},"s":{"0":3,"1":3,"2":36,"3":36,"4":0,"5":3},"f":{"0":36,"1":0},"b":{},"_coverageSchema":"1a1c01bbd47fc00a2c39e90264f33305004495a9","hash":"178c9c0eb06333a49f7b89b72dd50d82530764fe"}
,"/home/bchavez/Dev/node-meli-challenge/src/app/shared/faker/GenerateFakeMutants.js": {"path":"/home/bchavez/Dev/node-meli-challenge/src/app/shared/faker/GenerateFakeMutants.js","statementMap":{"0":{"start":{"line":1,"column":26},"end":{"line":1,"column":84}},"1":{"start":{"line":9,"column":19},"end":{"line":15,"column":16}},"2":{"start":{"line":17,"column":4},"end":{"line":19,"column":5}},"3":{"start":{"line":17,"column":21},"end":{"line":17,"column":22}},"4":{"start":{"line":18,"column":8},"end":{"line":18,"column":54}},"5":{"start":{"line":21,"column":4},"end":{"line":23,"column":5}},"6":{"start":{"line":21,"column":21},"end":{"line":21,"column":22}},"7":{"start":{"line":22,"column":8},"end":{"line":22,"column":53}},"8":{"start":{"line":27,"column":0},"end":{"line":29,"column":1}}},"fnMap":{"0":{"name":"generateFakeMutants","decl":{"start":{"line":8,"column":15},"end":{"line":8,"column":34}},"loc":{"start":{"line":8,"column":53},"end":{"line":25,"column":1}},"line":8}},"branchMap":{},"s":{"0":1,"1":1,"2":1,"3":1,"4":2,"5":1,"6":1,"7":1,"8":1},"f":{"0":1},"b":{},"_coverageSchema":"1a1c01bbd47fc00a2c39e90264f33305004495a9","hash":"2b6267352b5c7a1321cacfc42c4471c0f14c692f"}
}
