TN:
SF:src/app/bootstrap.js
FN:4,configure
FN:13,testDatabaseConnection
FN:15,(anonymous_2)
FN:18,initServer
FN:22,(anonymous_4)
FNF:5
FNH:0
FNDA:0,configure
FNDA:0,testDatabaseConnection
FNDA:0,(anonymous_2)
FNDA:0,initServer
FNDA:0,(anonymous_4)
DA:1,0
DA:2,0
DA:7,0
DA:8,0
DA:10,0
DA:14,0
DA:15,0
DA:20,0
DA:22,0
DA:23,0
DA:27,0
LF:11
LH:0
BRF:0
BRH:0
end_of_record
TN:
SF:src/app/index.router.js
FNF:0
FNH:0
DA:1,0
DA:3,0
DA:4,0
DA:6,0
LF:4
LH:0
BRF:0
BRH:0
end_of_record
TN:
SF:src/app/mutant/mutant.router.js
FNF:0
FNH:0
DA:1,0
DA:2,0
DA:4,0
DA:6,0
DA:8,0
LF:5
LH:0
BRF:0
BRH:0
end_of_record
TN:
SF:src/app/mutant/controllers/MutantController.js
FN:5,getMutantStats
FN:10,isMutant
FNF:2
FNH:0
FNDA:0,getMutantStats
FNDA:0,isMutant
DA:1,0
DA:2,0
DA:3,0
DA:6,0
DA:7,0
DA:11,0
DA:12,0
DA:14,0
DA:16,0
DA:18,0
DA:23,0
DA:29,0
LF:12
LH:0
BRF:0
BRH:0
end_of_record
TN:
SF:src/app/mutant/models/MutantModel.js
FNF:0
FNH:0
DA:2,2
DA:3,2
DA:5,2
DA:19,2
LF:4
LH:4
BRF:0
BRH:0
end_of_record
TN:
SF:src/app/mutant/services/GetMutantStatsService.js
FN:9,getMutantStats
FNF:1
FNH:1
FNDA:2,getMutantStats
DA:1,1
DA:2,1
DA:3,1
DA:11,2
DA:18,2
DA:20,2
DA:27,1
LF:7
LH:7
BRF:0
BRH:0
end_of_record
TN:
SF:src/app/mutant/services/IsMutantService.js
FN:1,isMutant
FN:8,(anonymous_1)
FN:19,(anonymous_2)
FN:30,(anonymous_3)
FN:31,(anonymous_4)
FN:34,(anonymous_5)
FN:35,(anonymous_6)
FNF:7
FNH:7
FNDA:4,isMutant
FNDA:40,(anonymous_1)
FNDA:3448448,(anonymous_2)
FNDA:46412,(anonymous_3)
FNDA:46412,(anonymous_4)
FNDA:46412,(anonymous_5)
FNDA:46412,(anonymous_6)
DA:3,4
DA:5,4
DA:7,2
DA:8,40
DA:13,2
DA:15,2
DA:16,1861
DA:18,1860
DA:19,3448448
DA:22,1
DA:23,1856
DA:29,2
DA:30,46412
DA:31,46412
DA:33,27
DA:34,46412
DA:35,46412
DA:36,2
DA:39,0
DA:43,1
LF:20
LH:19
BRDA:5,0,0,2
BRDA:5,0,1,2
BRDA:8,1,0,1
BRDA:8,1,1,6
BRDA:16,2,0,1
BRDA:16,2,1,1860
BRDA:18,3,0,2
BRDA:18,3,1,1858
BRDA:23,4,0,0
BRDA:23,4,1,1856
BRDA:30,5,0,46412
BRDA:30,5,1,0
BRDA:30,6,0,46412
BRDA:30,6,1,0
BRDA:31,7,0,46412
BRDA:31,7,1,0
BRDA:31,8,0,46412
BRDA:31,8,1,0
BRDA:33,9,0,2
BRDA:33,9,1,25
BRDA:34,10,0,46412
BRDA:34,10,1,0
BRDA:34,11,0,46412
BRDA:34,11,1,0
BRDA:35,12,0,46412
BRDA:35,12,1,0
BRDA:35,13,0,46412
BRDA:35,13,1,0
BRF:28
BRH:19
end_of_record
TN:
SF:src/app/mutant/services/SaveIsMutantResultService.js
FN:9,save
FN:12,(anonymous_1)
FNF:2
FNH:1
FNDA:31,save
FNDA:0,(anonymous_1)
DA:1,2
DA:2,2
DA:10,31
DA:11,31
DA:13,0
DA:17,2
LF:6
LH:5
BRF:0
BRH:0
end_of_record
